<?xml version="1.0" encoding="UTF-8"?>
<testsuite xmlns:xsi="http://www.w3.org/2001/XMLSchema-instance" xsi:noNamespaceSchemaLocation="https://maven.apache.org/surefire/maven-surefire-plugin/xsd/surefire-test-report.xsd" name="test.acquire.unit.controller.AcquireGameHelperTest" time="0.198" tests="2" errors="0" skipped="0" failures="0">
  <properties>
[...]
</properties>
  <testcase name="testIsValidCoordinate" classname="test.acquire.unit.controller.AcquireGameHelperTest" time="0.019"/>
  <testcase name="testCreateJsonFromArray" classname="test.acquire.unit.controller.AcquireGameHelperTest" time="0.178"/>
</testsuite>